f:\projects\wignervilletransform\wignervilletransform\release\vc142.pdb
f:\projects\wignervilletransform\wignervilletransform\release\main.obj
f:\projects\wignervilletransform\wignervilletransform\release\command_executes.obj
f:\projects\wignervilletransform\wignervilletransform\release\command_checks.obj
f:\projects\wignervilletransform\wignervilletransform\release\file.obj
f:\projects\wignervilletransform\wignervilletransform\release\command_helps.obj
f:\projects\wignervilletransform\wignervilletransform\release\command_parses.obj
f:\projects\wignervilletransform\wignervilletransform\release\wignervilletransform.res
f:\projects\wignervilletransform\wignervilletransform\release\command.obj
f:\projects\wignervilletransform\wignervilletransform\release\plot.obj
f:\projects\wignervilletransform\wignervilletransform\release\wvt.obj
f:\projects\wignervilletransform\wignervilletransform\release\wignervilletransform.ipdb
f:\projects\wignervilletransform\wignervilletransform\release\wignervilletransform.iobj
f:\projects\wignervilletransform\release\wignervilletransform.pdb
f:\projects\wignervilletransform\wignervilletransform\release\wignervi.35d3b302.tlog\cl.command.1.tlog
f:\projects\wignervilletransform\wignervilletransform\release\wignervi.35d3b302.tlog\cl.read.1.tlog
f:\projects\wignervilletransform\wignervilletransform\release\wignervi.35d3b302.tlog\cl.write.1.tlog
f:\projects\wignervilletransform\wignervilletransform\release\wignervi.35d3b302.tlog\link.command.1.tlog
f:\projects\wignervilletransform\wignervilletransform\release\wignervi.35d3b302.tlog\link.read.1.tlog
f:\projects\wignervilletransform\wignervilletransform\release\wignervi.35d3b302.tlog\link.write.1.tlog
f:\projects\wignervilletransform\wignervilletransform\release\wignervi.35d3b302.tlog\rc.command.1.tlog
f:\projects\wignervilletransform\wignervilletransform\release\wignervi.35d3b302.tlog\rc.read.1.tlog
f:\projects\wignervilletransform\wignervilletransform\release\wignervi.35d3b302.tlog\rc.write.1.tlog
