f:\projects\wignervilletransform\wignervilletransform\debug\vc142.pdb
f:\projects\wignervilletransform\wignervilletransform\debug\vc142.idb
f:\projects\wignervilletransform\wignervilletransform\debug\wvt.obj
f:\projects\wignervilletransform\wignervilletransform\debug\plot.obj
f:\projects\wignervilletransform\wignervilletransform\debug\main.obj
f:\projects\wignervilletransform\wignervilletransform\debug\file.obj
f:\projects\wignervilletransform\wignervilletransform\debug\command.obj
f:\projects\wignervilletransform\debug\wignervilletransform.exe
f:\projects\wignervilletransform\wignervilletransform\debug\wignervilletransform.ilk
f:\projects\wignervilletransform\debug\wignervilletransform.pdb
f:\projects\wignervilletransform\wignervilletransform\debug\wignervilletransform.res
f:\projects\wignervilletransform\wignervilletransform\debug\wignervi.35d3b302.tlog\cl.command.1.tlog
f:\projects\wignervilletransform\wignervilletransform\debug\wignervi.35d3b302.tlog\cl.read.1.tlog
f:\projects\wignervilletransform\wignervilletransform\debug\wignervi.35d3b302.tlog\cl.write.1.tlog
f:\projects\wignervilletransform\wignervilletransform\debug\wignervi.35d3b302.tlog\link.command.1.tlog
f:\projects\wignervilletransform\wignervilletransform\debug\wignervi.35d3b302.tlog\link.read.1.tlog
f:\projects\wignervilletransform\wignervilletransform\debug\wignervi.35d3b302.tlog\link.write.1.tlog
f:\projects\wignervilletransform\wignervilletransform\debug\wignervi.35d3b302.tlog\rc.command.1.tlog
f:\projects\wignervilletransform\wignervilletransform\debug\wignervi.35d3b302.tlog\rc.read.1.tlog
f:\projects\wignervilletransform\wignervilletransform\debug\wignervi.35d3b302.tlog\rc.write.1.tlog
